<?xml version="1.0" encoding="UTF-8"?>
<testsuite name="LottoMainTest" tests="1" skipped="0" failures="0" errors="0" timestamp="2022-01-04T08:31:47" hostname="jeff42-first-Mac.local" time="0.037">
  <properties/>
  <testcase name="start()" classname="LottoMainTest" time="0.037"/>
  <system-out><![CDATA[구매금액을 입력해 주세요.
수동으로 구매할 로또 수를 입력해 주세요.
[3, 7, 8, 10, 15, 23]
[3, 4, 8, 11, 15, 23]
[3, 7, 8, 11, 15, 23]
[25, 27, 30, 37, 39, 43]
[3, 15, 19, 29, 41, 42]
[3, 10, 16, 29, 31, 44]
[7, 14, 21, 32, 33, 43]
[1, 2, 6, 21, 24, 36]
[6, 26, 31, 34, 38, 41]
[3, 22, 25, 27, 32, 37]
[7, 20, 28, 34, 42, 43]
[2, 6, 13, 16, 17, 32]
[2, 8, 13, 14, 35, 43]
[7, 9, 17, 24, 25, 37]
[4, 14, 15, 23, 26, 42]
[2, 9, 10, 27, 28, 41]
[5, 12, 14, 20, 34, 45]
[5, 9, 10, 14, 21, 37]
[1, 10, 24, 28, 38, 39]
[11, 13, 18, 20, 25, 38]
[2, 6, 23, 36, 38, 40]
[17, 26, 35, 38, 41, 45]
[4, 17, 23, 27, 34, 37]
[4, 5, 10, 20, 31, 33]
[10, 15, 17, 21, 22, 39]
[3, 6, 25, 34, 35, 38]
[1, 9, 11, 30, 35, 38]
[1, 3, 5, 7, 12, 36]
[3, 7, 35, 37, 42, 44]
[3, 7, 16, 23, 27, 32]
[4, 9, 12, 26, 36, 40]
[7, 21, 22, 31, 34, 39]
[22, 23, 35, 38, 39, 45]
[4, 9, 15, 21, 22, 24]
[10, 11, 14, 15, 27, 33]
[9, 15, 16, 29, 36, 39]
[3, 11, 23, 33, 38, 42]
[4, 16, 21, 31, 32, 35]
[15, 18, 19, 22, 37, 44]
[1, 3, 4, 5, 13, 36]
[2, 11, 18, 27, 29, 42]
[4, 9, 16, 29, 35, 45]
[12, 16, 23, 35, 39, 40]
[2, 10, 17, 25, 41, 43]
[1, 2, 15, 22, 23, 29]
[13, 14, 25, 29, 37, 44]
[3, 14, 16, 25, 33, 40]
[10, 14, 16, 19, 32, 42]
[11, 15, 21, 35, 37, 45]
[2, 6, 8, 16, 24, 39]

지난 주 당첨 번호를 입력해 주세요.
보너스 볼을 입력해 주세요.
당첨 통계
---------
3개 일치 (5000원) - 3개
4개 일치 (50000원) - 0개
5개 일치 (1500000원) - 1개
5개 일치, 보너스 볼 일치(30000000원) - 1개
6개 일치 (2000000000원) - 1개
총 수익률은 4062930.0000000005%입니다.
]]></system-out>
  <system-err><![CDATA[]]></system-err>
</testsuite>
