<?xml version="1.0" encoding="UTF-8"?>
<testsuite name="step3.domain.model.LottoTest" tests="5" skipped="0" failures="0" errors="0" timestamp="2022-01-04T09:41:14" hostname="mylesnah-pc.local" time="0.025">
  <properties/>
  <testcase name="[1] 1,2,3,3,23,45&#10;" classname="step3.domain.model.LottoTest" time="0.014"/>
  <testcase name="[2] -1, -2, -3, 1, 2, 3&#10;" classname="step3.domain.model.LottoTest" time="0.0"/>
  <testcase name="[3] 1, 5, 2, 4, 3, 6, 7&#10;" classname="step3.domain.model.LottoTest" time="0.001"/>
  <testcase name="[1]              " classname="step3.domain.model.LottoTest" time="0.001"/>
  <testcase name="[2] ,,,,," classname="step3.domain.model.LottoTest" time="0.0"/>
  <system-out><![CDATA[]]></system-out>
  <system-err><![CDATA[]]></system-err>
</testsuite>
