<?xml version="1.0" encoding="UTF-8"?>
<testsuite name="step2.domain.model.ResultTest" tests="5" skipped="0" failures="0" errors="0" timestamp="2022-01-04T05:58:42" hostname="mylesnah-pc.local" time="0.039">
  <properties/>
  <testcase name="[1] 1,2,3,3,23,45&#10;" classname="step2.domain.model.ResultTest" time="0.029"/>
  <testcase name="[2] 23, 24, 25, 26, 27, 28, 29&#10;" classname="step2.domain.model.ResultTest" time="0.001"/>
  <testcase name="[3] -1, 5, 2, 3, 5, 1&#10;" classname="step2.domain.model.ResultTest" time="0.001"/>
  <testcase name="[1]              " classname="step2.domain.model.ResultTest" time="0.001"/>
  <testcase name="[2] ,,,,," classname="step2.domain.model.ResultTest" time="0.0"/>
  <system-out><![CDATA[]]></system-out>
  <system-err><![CDATA[]]></system-err>
</testsuite>
