<?xml version="1.0" encoding="UTF-8"?>
<testsuite name="LottoMainTest" tests="1" skipped="0" failures="0" errors="0" timestamp="2022-01-04T08:29:23" hostname="jeff42-first-Mac.local" time="0.034">
  <properties/>
  <testcase name="start()" classname="LottoMainTest" time="0.034"/>
  <system-out><![CDATA[구매금액을 입력해 주세요.
수동으로 구매할 로또 수를 입력해 주세요.
[3, 7, 8, 10, 15, 23]
[3, 4, 8, 11, 15, 23]
[3, 7, 8, 11, 15, 23]
[4, 14, 18, 20, 23, 28]
[5, 15, 16, 31, 34, 37]
[1, 11, 12, 22, 37, 38]
[5, 9, 11, 38, 43, 45]
[13, 17, 24, 31, 33, 36]
[3, 4, 16, 17, 34, 42]
[5, 19, 23, 36, 37, 45]
[4, 8, 9, 14, 36, 38]
[1, 3, 8, 11, 18, 43]
[2, 12, 26, 29, 31, 41]
[5, 10, 24, 30, 36, 41]
[3, 9, 19, 25, 26, 41]
[5, 11, 13, 23, 30, 37]
[13, 15, 20, 27, 28, 42]
[9, 12, 13, 19, 21, 29]
[4, 14, 24, 26, 37, 43]
[4, 11, 15, 19, 33, 45]
[23, 24, 28, 31, 39, 45]
[6, 11, 13, 20, 30, 43]
[12, 21, 24, 32, 36, 43]
[2, 3, 7, 19, 22, 45]
[8, 12, 14, 20, 23, 34]
[15, 25, 27, 33, 37, 40]
[8, 14, 22, 25, 30, 41]
[2, 24, 30, 35, 41, 42]
[10, 13, 27, 31, 37, 40]
[10, 16, 18, 20, 31, 33]
[21, 30, 31, 35, 44, 45]
[12, 13, 16, 24, 29, 40]
[1, 4, 9, 15, 24, 38]
[4, 17, 18, 36, 37, 40]
[2, 4, 19, 31, 32, 38]
[1, 14, 15, 21, 37, 39]
[2, 6, 12, 13, 29, 31]
[2, 5, 14, 24, 36, 40]
[1, 22, 28, 29, 35, 41]
[7, 16, 20, 26, 38, 44]
[5, 23, 28, 40, 41, 42]
[7, 10, 14, 22, 24, 45]
[9, 16, 17, 23, 36, 38]
[6, 7, 9, 32, 36, 43]
[7, 9, 20, 23, 26, 29]
[3, 6, 8, 13, 17, 29]
[8, 14, 25, 31, 39, 45]
[3, 14, 25, 30, 37, 44]
[5, 7, 28, 37, 39, 44]
[5, 13, 22, 37, 38, 44]

지난 주 당첨 번호를 입력해 주세요.
보너스 볼을 입력해 주세요.
당첨 통계
---------
3개 일치 (5000원) - 2개
4개 일치 (50000원) - 0개
5개 일치 (1500000원) - 1개
5개 일치, 보너스 볼 일치(30000000원) - 1개
6개 일치 (2000000000원) - 1개
총 수익률은 4062919.9999999995%입니다.
]]></system-out>
  <system-err><![CDATA[]]></system-err>
</testsuite>
