<?xml version="1.0" encoding="UTF-8"?>
<testsuite name="step3.domain.model.MatchesTest" tests="1" skipped="0" failures="0" errors="0" timestamp="2022-01-04T09:41:14" hostname="mylesnah-pc.local" time="0.022">
  <properties/>
  <testcase name="수동으로 입력한 로또가 당첨됐을 때, 그 수익률을 확인" classname="step3.domain.model.MatchesTest" time="0.022"/>
  <system-out><![CDATA[]]></system-out>
  <system-err><![CDATA[]]></system-err>
</testsuite>
