<?xml version="1.0" encoding="UTF-8"?>
<testsuite name="lotto.collections.LottoNumberTest" tests="1" skipped="0" failures="0" errors="0" timestamp="2022-01-11T12:58:00" hostname="kakaoui-MacBookPro.local" time="0.016">
  <properties/>
  <testcase name="로또 숫자 범위 안인 경우 exception 안 날리고 정상 작동하는지 확인" classname="lotto.collections.LottoNumberTest" time="0.016"/>
  <system-out><![CDATA[]]></system-out>
  <system-err><![CDATA[]]></system-err>
</testsuite>
